2026-01-15 18:05:08,594 [INFO    ] __main__: 日志系统初始化完成
2026-01-15 18:05:08,594 [INFO    ] __main__: 日志文件: logs\app_20260115_180508.log
2026-01-15 18:05:08,594 [INFO    ] __main__: ============================================================
2026-01-15 18:05:08,594 [INFO    ] __main__: 金铲铲之战自动拿牌工具 v1.0.0
2026-01-15 18:05:08,594 [INFO    ] __main__: ============================================================
2026-01-15 18:05:08,594 [INFO    ] __main__: Python版本: 3.10.19 | packaged by Anaconda, Inc. | (main, Oct 21 2025, 16:41:31) [MSC v.1929 64 bit (AMD64)]
2026-01-15 18:05:08,594 [INFO    ] __main__: 操作系统: win32
2026-01-15 18:05:08,742 [INFO    ] modules.config.settings: 配置文件加载成功
2026-01-15 18:05:08,744 [INFO    ] modules.config.settings: 配置管理器初始化完成，配置目录: D:\backup\Project\pokemmo\TFT-Auto-Picker\config
2026-01-15 18:05:08,744 [INFO    ] modules.image_recognition.screen_capture: 屏幕捕获器初始化完成，分辨率: 2560x1440
2026-01-15 18:05:08,744 [INFO    ] modules.image_recognition.template_matcher: 模板匹配器初始化完成
2026-01-15 18:05:08,744 [INFO    ] core.game_state: 游戏状态已初始化
2026-01-15 18:05:08,745 [INFO    ] modules.config.card_config: 加载了 10 个优先卡牌
2026-01-15 18:05:08,745 [INFO    ] modules.config.card_config: 加载了 2 个自定义卡组
2026-01-15 18:05:08,745 [INFO    ] modules.config.card_config: 加载了 2 张卡牌配置
2026-01-15 18:05:08,745 [INFO    ] modules.config.card_config: 卡牌配置管理器初始化完成
2026-01-15 18:05:08,745 [INFO    ] modules.image_recognition.card_recognizer: 卡牌识别器初始化完成
2026-01-15 18:05:08,747 [INFO    ] modules.automation.mouse_controller: 鼠标控制器初始化完成
2026-01-15 18:05:08,747 [INFO    ] core.strategy: 初始化优先级策略，优先级列表长度: 0
2026-01-15 18:05:08,747 [INFO    ] core.strategy: 默认策略注册完成
2026-01-15 18:05:08,747 [INFO    ] modules.automation.game_automator: 游戏自动化器初始化完成
2026-01-15 18:05:08,747 [INFO    ] modules.automation.game_automator: 选牌回调函数已设置
2026-01-15 18:05:08,757 [INFO    ] modules.config.card_config: 加载了 10 个优先卡牌
2026-01-15 18:05:08,757 [INFO    ] modules.config.card_config: 加载了 2 个自定义卡组
2026-01-15 18:05:08,759 [INFO    ] modules.config.card_config: 加载了 2 张卡牌配置
2026-01-15 18:05:08,759 [INFO    ] modules.config.card_config: 卡牌配置管理器初始化完成
2026-01-15 18:05:08,872 [INFO    ] modules.config.card_config: 加载了 10 个优先卡牌
2026-01-15 18:05:08,872 [INFO    ] modules.config.card_config: 加载了 2 个自定义卡组
2026-01-15 18:05:08,872 [INFO    ] modules.config.card_config: 加载了 2 张卡牌配置
2026-01-15 18:05:08,872 [INFO    ] modules.config.card_config: 卡牌配置管理器初始化完成
2026-01-15 18:05:08,879 [INFO    ] modules.ui.main_window: 主窗口初始化完成
2026-01-15 18:05:08,949 [INFO    ] __main__: 应用程序启动成功
2026-01-15 18:05:17,480 [INFO    ] modules.image_recognition.screen_capture: 屏幕捕获器初始化完成，分辨率: 2560x1440
2026-01-15 18:05:24,635 [INFO    ] modules.automation.game_automator: 自动拿牌已启动
2026-01-15 18:05:24,635 [INFO    ] modules.ui.main_window: 自动拿牌已启动
2026-01-15 18:05:29,448 [INFO    ] modules.automation.game_automator: 自动拿牌已停止
2026-01-15 18:05:29,448 [INFO    ] modules.ui.main_window: 自动拿牌已停止
2026-01-15 18:05:53,497 [INFO    ] core.game_state: 游戏阶段变更: UNKNOWN -> LOBBY
2026-01-15 18:10:22,003 [INFO    ] modules.config.card_config: 卡牌配置已保存，共 3 张卡牌
2026-01-15 18:10:22,003 [INFO    ] modules.config.card_config: 添加卡牌: 璐璐 (费用: 1, 赛季: s13)
2026-01-15 18:10:39,816 [INFO    ] modules.automation.game_automator: 自动拿牌已启动
2026-01-15 18:10:39,816 [INFO    ] modules.ui.main_window: 自动拿牌已启动
2026-01-15 18:10:41,022 [INFO    ] modules.automation.game_automator: 自动拿牌已停止
2026-01-15 18:10:41,022 [INFO    ] modules.ui.main_window: 自动拿牌已停止
2026-01-15 18:10:41,530 [INFO    ] modules.automation.game_automator: 自动拿牌已启动
2026-01-15 18:10:41,530 [INFO    ] modules.ui.main_window: 自动拿牌已启动
2026-01-15 18:10:48,141 [INFO    ] modules.automation.game_automator: 自动拿牌已停止
2026-01-15 18:10:48,141 [INFO    ] modules.ui.main_window: 自动拿牌已停止
